Determining if the pthread_create exist failed with the following output:
Change Dir: /home/djole/Master/Thesis/GIT/MT_testing/lwr_rtt_ws/build/lwr_control/CMakeFiles/CMakeTmp

Run Build Command:"/usr/bin/make" "cmTC_cd07e/fast"
/usr/bin/make -f CMakeFiles/cmTC_cd07e.dir/build.make CMakeFiles/cmTC_cd07e.dir/build
make[1]: Entering directory '/home/djole/Master/Thesis/GIT/MT_testing/lwr_rtt_ws/build/lwr_control/CMakeFiles/CMakeTmp'
Building C object CMakeFiles/cmTC_cd07e.dir/CheckSymbolExists.c.o
/usr/bin/cc     -o CMakeFiles/cmTC_cd07e.dir/CheckSymbolExists.c.o   -c /home/djole/Master/Thesis/GIT/MT_testing/lwr_rtt_ws/build/lwr_control/CMakeFiles/CMakeTmp/CheckSymbolExists.c
Linking C executable cmTC_cd07e
/usr/bin/cmake -E cmake_link_script CMakeFiles/cmTC_cd07e.dir/link.txt --verbose=1
/usr/bin/cc       CMakeFiles/cmTC_cd07e.dir/CheckSymbolExists.c.o  -o cmTC_cd07e -rdynamic 
CMakeFiles/cmTC_cd07e.dir/CheckSymbolExists.c.o: In function `main':
CheckSymbolExists.c:(.text+0x16): undefined reference to `pthread_create'
collect2: error: ld returned 1 exit status
CMakeFiles/cmTC_cd07e.dir/build.make:97: recipe for target 'cmTC_cd07e' failed
make[1]: *** [cmTC_cd07e] Error 1
make[1]: Leaving directory '/home/djole/Master/Thesis/GIT/MT_testing/lwr_rtt_ws/build/lwr_control/CMakeFiles/CMakeTmp'
Makefile:126: recipe for target 'cmTC_cd07e/fast' failed
make: *** [cmTC_cd07e/fast] Error 2

File /home/djole/Master/Thesis/GIT/MT_testing/lwr_rtt_ws/build/lwr_control/CMakeFiles/CMakeTmp/CheckSymbolExists.c:
/* */
#include <pthread.h>

int main(int argc, char** argv)
{
  (void)argv;
#ifndef pthread_create
  return ((int*)(&pthread_create))[argc];
#else
  (void)argc;
  return 0;
#endif
}

Determining if the function pthread_create exists in the pthreads failed with the following output:
Change Dir: /home/djole/Master/Thesis/GIT/MT_testing/lwr_rtt_ws/build/lwr_control/CMakeFiles/CMakeTmp

Run Build Command:"/usr/bin/make" "cmTC_bc372/fast"
/usr/bin/make -f CMakeFiles/cmTC_bc372.dir/build.make CMakeFiles/cmTC_bc372.dir/build
make[1]: Entering directory '/home/djole/Master/Thesis/GIT/MT_testing/lwr_rtt_ws/build/lwr_control/CMakeFiles/CMakeTmp'
Building C object CMakeFiles/cmTC_bc372.dir/CheckFunctionExists.c.o
/usr/bin/cc    -DCHECK_FUNCTION_EXISTS=pthread_create   -o CMakeFiles/cmTC_bc372.dir/CheckFunctionExists.c.o   -c /usr/share/cmake-3.5/Modules/CheckFunctionExists.c
Linking C executable cmTC_bc372
/usr/bin/cmake -E cmake_link_script CMakeFiles/cmTC_bc372.dir/link.txt --verbose=1
/usr/bin/cc   -DCHECK_FUNCTION_EXISTS=pthread_create    CMakeFiles/cmTC_bc372.dir/CheckFunctionExists.c.o  -o cmTC_bc372 -rdynamic -lpthreads 
/usr/bin/ld: cannot find -lpthreads
collect2: error: ld returned 1 exit status
CMakeFiles/cmTC_bc372.dir/build.make:97: recipe for target 'cmTC_bc372' failed
make[1]: *** [cmTC_bc372] Error 1
make[1]: Leaving directory '/home/djole/Master/Thesis/GIT/MT_testing/lwr_rtt_ws/build/lwr_control/CMakeFiles/CMakeTmp'
Makefile:126: recipe for target 'cmTC_bc372/fast' failed
make: *** [cmTC_bc372/fast] Error 2


