Not searching for unused variables given on the command line.
[36m--[0m The C compiler identification is GNU 5.5.0
[36m--[0m The CXX compiler identification is GNU 5.5.0
[36m--[0m Check for working C compiler: /usr/bin/cc
[36m--[0m Check for working C compiler: /usr/bin/cc -- works
[36m--[0m Detecting C compiler ABI info
[36m--[0m Detecting C compiler ABI info - done
[36m--[0m Detecting C compile features
[36m--[0m Detecting C compile features - done
[36m--[0m Check for working CXX compiler: /usr/bin/c++
[36m--[0m Check for working CXX compiler: /usr/bin/c++ -- works
[36m--[0m Detecting CXX compiler ABI info
[36m--[0m Detecting CXX compiler ABI info - done
[36m--[0m Detecting CXX compile features
[36m--[0m Detecting CXX compile features - done
[36m--[0m Using CATKIN_DEVEL_PREFIX: /home/djole/Master/Thesis/GIT/MT_testing/lwr_rtt_ws/devel/.private/lwr_control
[36m--[0m Using CMAKE_PREFIX_PATH: /home/djole/Master/Thesis/GIT/MT_testing/lwr_rtt_ws/devel;/home/djole/Master/LWR/software/isir/lwr_ws/install;/home/djole/Master/LWR/software/isir/rtt_ros-2.9_ws/install;/home/djole/Master/LWR/software/isir/orocos-2.9_ws/install;/opt/ros/kinetic;/home/djole/Master/LWR/software/isir/lwr_ws/devel
[36m--[0m This workspace overlays: /home/djole/Master/Thesis/GIT/MT_testing/lwr_rtt_ws/devel;/home/djole/Master/LWR/software/isir/lwr_ws/install;/home/djole/Master/LWR/software/isir/rtt_ros-2.9_ws/install;/home/djole/Master/LWR/software/isir/orocos-2.9_ws/install;/opt/ros/kinetic
[36m--[0m Found PythonInterp: /usr/bin/python (found version "2.7.12")
[36m--[0m Using PYTHON_EXECUTABLE: /usr/bin/python
[36m--[0m Using Debian Python package layout
[36m--[0m Using empy: /usr/bin/empy
[36m--[0m Using CATKIN_ENABLE_TESTING: ON
[36m--[0m Call enable_testing()
[36m--[0m Using CATKIN_TEST_RESULTS_DIR: /home/djole/Master/Thesis/GIT/MT_testing/lwr_rtt_ws/build/lwr_control/test_results
[36m--[0m Found gmock sources under '/usr/src/gmock': gmock will be built
[36m--[0m Looking for pthread.h
[36m--[0m Looking for pthread.h - found
[36m--[0m Looking for pthread_create
[36m--[0m Looking for pthread_create - not found
[36m--[0m Looking for pthread_create in pthreads
[36m--[0m Looking for pthread_create in pthreads - not found
[36m--[0m Looking for pthread_create in pthread
[36m--[0m Looking for pthread_create in pthread - found
[36m--[0m Found Threads: TRUE
[36m--[0m Found gtest sources under '/usr/src/gmock': gtests will be built
[36m--[0m Using Python nosetests: /usr/bin/nosetests-2.7
[36m--[0m catkin 0.7.14
[36m--[0m - Detected OROCOS_TARGET environment variable. Using: gnulinux
[36m--[0m Orocos-RTT found in /home/djole/Master/LWR/software/isir/orocos-2.9_ws/install/lib/cmake/orocos-rtt/orocos-rtt-gnulinux-libraries.cmake
[36m--[0m Found orocos-rtt 2.9.0 for the gnulinux target. Available transports: mqueue
[36m--[0m - Found requested orocos-rtt components: rtt-marshalling rtt-scripting
[36m--[0m Found PkgConfig: /usr/bin/pkg-config (found version "0.29.1")
[36m--[0m [UseOrocos] Building package lwr_control with catkin develspace support.
[36m--[0m [UseOrocos] Using Orocos RTT in lwr_control
[36m--[0m Checking for one of the modules 'rtt_ros-gnulinux'
[36m--[0m [UseOrocos] Found orocos package 'rtt_ros'.
[36m--[0m Checking for one of the modules 'rtt_ros_kdl_tools-gnulinux'
[36m--[0m [UseOrocos] Found orocos package 'rtt_ros_kdl_tools'.
[36m--[0m Checking for module 'eigen3'
[36m--[0m   Found eigen3, version 3.2.92
[33m[1mCMake Warning[0m at /opt/ros/kinetic/share/cmake_modules/cmake/Modules/FindEigen.cmake:62 (message):
  The FindEigen.cmake Module in the cmake_modules package is deprecated.

  Please use the FindEigen3.cmake Module provided with Eigen.  Change
  instances of find_package(Eigen) to find_package(Eigen3).  Check the
  FindEigen3.cmake Module for the resulting CMake variable names.

[36mCall Stack (most recent call first):[0m
  CMakeLists.txt:9 (find_package)


[36m--[0m Found Eigen: /usr/include/eigen3
[36m--[0m Eigen found (include: /usr/include/eigen3)
[36m--[0m [UseOrocos] Building component lwr_control in library lwr_control-gnulinux
[36m--[0m [UseOrocos] Generating package version 1.0.0 from lwr_control_VERSION (package.xml).
[36m--[0m [UseOrocos] Generating pkg-config file for package in catkin devel space.
[36m--[0m [UseOrocos] Exporting targets lwr_control.
[36m--[0m [UseOrocos] Exporting libraries lwr_control.
[36m--[0m [UseOrocos] Exporting include directories /home/djole/Master/Thesis/GIT/MT_testing/lwr_rtt_ws/src/lwr_control/include.
[36m--[0m [UseOrocos] Exporting library directories /home/djole/Master/Thesis/GIT/MT_testing/lwr_rtt_ws/install/lib/orocos/gnulinux/lwr_control.
[36m--[0m Configuring done
[36m--[0m Generating done
[36m--[0m Build files have been written to: /home/djole/Master/Thesis/GIT/MT_testing/lwr_rtt_ws/build/lwr_control
